<?xml version="1.0" encoding="UTF-8"?>
<!-- Generated by org.testng.reporters.JUnitReportReporter -->
<testsuite hostname="KotiUpendra" failures="0" tests="1" name="Sample.Demo2" time="0.021" errors="0" timestamp="2024-11-16T10:15:12 IST" skipped="0">
  <testcase classname="Sample.Demo2" name="ram" time="0.021"/>
</testsuite> <!-- Sample.Demo2 -->
