<?xml version="1.0" encoding="UTF-8"?>
<!-- Generated by org.testng.reporters.JUnitReportReporter -->
<testsuite hostname="KotiUpendra" failures="0" tests="1" name="Sample.Sample" time="0.015" errors="0" timestamp="2024-11-16T10:13:57 IST" skipped="0">
  <testcase classname="Sample.Sample" name="sample" time="0.015"/>
</testsuite> <!-- Sample.Sample -->
