<?xml version="1.0" encoding="UTF-8"?>
<!-- Generated by org.testng.reporters.JUnitReportReporter -->
<testsuite hostname="KotiUpendra" failures="0" tests="1" name="Sample.Demo" time="0.024" errors="0" timestamp="2024-11-16T08:56:54 IST" skipped="0">
  <testcase classname="Sample.Demo" name="sample" time="0.024"/>
  <system-out/>
</testsuite> <!-- Sample.Demo -->
