<?xml version="1.0" encoding="UTF-8"?>
<!-- Generated by org.testng.reporters.JUnitReportReporter -->
<testsuite hostname="KotiUpendra" failures="0" tests="1" name="Sample2.Sample" time="0.012" errors="0" timestamp="2024-11-16T09:59:34 IST" skipped="0">
  <testcase classname="Sample2.Sample" name="sample" time="0.012"/>
</testsuite> <!-- Sample2.Sample -->
