<?xml version="1.0" encoding="UTF-8"?>
<!-- Generated by org.testng.reporters.JUnitReportReporter -->
<testsuite hostname="KotiUpendra" failures="0" tests="1" name="Sample.Demo" time="0.011" errors="0" timestamp="2024-11-18T10:20:51 IST" skipped="0">
  <testcase classname="Sample.Demo" name="sample" time="0.011"/>
</testsuite> <!-- Sample.Demo -->
